<?xml version="1.0" encoding="UTF-8"?>
<!-- Generated by org.testng.reporters.JUnitReportReporter -->
<testsuite skipped="0" hostname="DESKTOP-IT3HUEQ" name="SimpliLearn.sportsshoes.driverLaunch" tests="1" failures="0" timestamp="05 Jan 2022 15:05:32 GMT" time="13.570" errors="0">
  <testcase name="testcase_Driverclass" time="13.570" classname="SimpliLearn.sportsshoes.driverLaunch"/>
</testsuite> <!-- SimpliLearn.sportsshoes.driverLaunch -->
